[0208/172812.470:INFO:CONSOLE(157)] "Event handler of 'x-storagemutated-1' event must be added on the initial evaluation of worker script.", source: https://static.whatsapp.net/rsrc.php/v4/yW/r/JQrHLDdm1tS.js (157)
[0208/172813.303:INFO:CONSOLE(0)] "Error with Permissions-Policy header: Feature xr-spatial-tracking's parameters are ignored.", source:  (0)
[0208/172813.304:INFO:CONSOLE(0)] "Error with Permissions-Policy header: Origin trial controlled feature not enabled: 'attribution-reporting'.", source:  (0)
[0208/172813.304:INFO:CONSOLE(0)] "Error with Permissions-Policy header: Unrecognized feature: 'compute-pressure'.", source:  (0)
[0208/172813.305:INFO:CONSOLE(0)] "Error with Permissions-Policy header: Origin trial controlled feature not enabled: 'interest-cohort'.", source:  (0)
[0208/172813.305:INFO:CONSOLE(0)] "Error with Permissions-Policy header: Unrecognized feature: 'private-state-token-issuance'.", source:  (0)
[0208/172813.305:INFO:CONSOLE(0)] "Error with Permissions-Policy header: Origin trial controlled feature not enabled: 'shared-storage'.", source:  (0)
[0208/172813.305:INFO:CONSOLE(0)] "Error with Permissions-Policy header: Unrecognized feature: 'shared-storage-select-url'.", source:  (0)
[0208/172813.306:INFO:CONSOLE(0)] "Error with Permissions-Policy header: Unrecognized feature: 'private-state-token-redemption'.", source:  (0)
[0208/172813.306:INFO:CONSOLE(0)] "Error with Permissions-Policy header: Unrecognized feature: 'unload'.", source:  (0)
[0208/172813.306:INFO:CONSOLE(0)] "Error with Permissions-Policy header: Unrecognized feature: 'window-management'.", source:  (0)
[0208/172823.921:INFO:CONSOLE(99)] "[Report Only] Refused to compile or instantiate WebAssembly module because 'unsafe-eval' is not an allowed source of script in the following Content Security Policy directive: "script-src data: blob: 'self' 'nonce-pP09pGMO' 'report-sample' https://static.whatsapp.net https://*.youtube.com https://maps.googleapis.com https://maps.gstatic.com https://lens.google.com/upload https://*.google-analytics.com".
", source: https://static.whatsapp.net/rsrc.php/v4/yq/r/bi5nUB9c_NS.js (99)
[0208/173017.469:INFO:CONSOLE(157)] "Event handler of 'x-storagemutated-1' event must be added on the initial evaluation of worker script.", source: https://static.whatsapp.net/rsrc.php/v4/yW/r/JQrHLDdm1tS.js (157)
[0208/173324.166:INFO:CONSOLE(1743)] "Failed to parse video contentType: video/mp4; codecs=avc1.42000a", source: https://static.whatsapp.net/rsrc.php/v4iANe4/yc/l/rt/5ZDyy6RTFdP.js (1743)
[0208/173324.167:INFO:CONSOLE(1743)] "Failed to parse video contentType: video/mp4; codecs=hev1.1.6.L93.B0", source: https://static.whatsapp.net/rsrc.php/v4iANe4/yc/l/rt/5ZDyy6RTFdP.js (1743)
[0208/173639.500:INFO:CONSOLE(157)] "Event handler of 'x-storagemutated-1' event must be added on the initial evaluation of worker script.", source: https://static.whatsapp.net/rsrc.php/v4/yW/r/JQrHLDdm1tS.js (157)
[0208/173750.141:INFO:CONSOLE(157)] "Event handler of 'x-storagemutated-1' event must be added on the initial evaluation of worker script.", source: https://static.whatsapp.net/rsrc.php/v4/yW/r/JQrHLDdm1tS.js (157)
[0208/174031.880:INFO:CONSOLE(157)] "Event handler of 'x-storagemutated-1' event must be added on the initial evaluation of worker script.", source: https://static.whatsapp.net/rsrc.php/v4/yW/r/JQrHLDdm1tS.js (157)
[0208/174147.294:INFO:CONSOLE(157)] "Event handler of 'x-storagemutated-1' event must be added on the initial evaluation of worker script.", source: https://static.whatsapp.net/rsrc.php/v4/yW/r/JQrHLDdm1tS.js (157)
[0208/174219.504:INFO:CONSOLE(157)] "Event handler of 'x-storagemutated-1' event must be added on the initial evaluation of worker script.", source: https://static.whatsapp.net/rsrc.php/v4/yW/r/JQrHLDdm1tS.js (157)
